New log file opened at Mon Jun 15 13:13:17 BST 2015 by 11940@Alienware
jvm 11940@Alienware
jvm vmName=Java HotSpot(TM) 64-Bit Server VM vmVendor=Oracle Corporation vmVersion=25.45-b02
jvm specName=Java Virtual Machine Specification specVendor=Oracle Corporation specVersion=1.8
jvm arguments: [-Xms256m, -Xmx1024m, -XX:MetaspaceSize=64m, -XX:MaxMetaspaceSize=256m]
Starting event engine
Starting sbt command engine
Waiting for sbt command engine
Command engine arguments=List()
Command engine baseDirectory=C:\Users\Matthew\mealserver
Command engine initial remaining commands List(--initialize, onFailure load-failed, boot, server-send-ready-for-request, server-handle-next-server-request)
> --initialize
> initialize
> onFailure load-failed
> boot
> reload
[Loading] Scanning directory C:\Users\Matthew\mealserver\project
C:\Users\Matthew\mealserver\project\play-fork-run.sbt (The system cannot find the file specified)
java.io.FileNotFoundException: C:\Users\Matthew\mealserver\project\play-fork-run.sbt (The system cannot find the file specified)
Use 'last' for the full log.
> load-failed
Failed to load project.
> server-wait-for-reboot
Done executing sbt server engine, result Right(Exit(0))
Closing listening server socket
Waiting for socket thread
Waiting for request processor thread
Waiting for command engine result
Returning control to sbt launcher with result Exit(0)
Closing the 11940@Alienware logs at Mon Jun 15 13:13:20 BST 2015, goodbye.
